\BOOKMARK [1][-]{section.1}{\376\377\176\352\213\272}{}% 1
\BOOKMARK [2][-]{subsection.1.1}{\376\377\137\025\212\000}{section.1}% 2
\BOOKMARK [2][-]{subsection.1.2}{\376\377\145\207\163\056\176\374\217\360}{section.1}% 3
\BOOKMARK [3][-]{subsubsection.1.2.1}{\376\377\154\342\122\250\163\207\122\250\140\001\116\016\137\002\145\271\135\356\136\372\152\041\170\024\172\166}{subsection.1.2}% 4
\BOOKMARK [3][-]{subsubsection.1.2.2}{\376\377\133\217\211\302\123\330\221\317\116\016\221\321\207\215\136\002\127\072\162\266\140\001\170\024\172\166}{subsection.1.2}% 5
\BOOKMARK [3][-]{subsubsection.1.2.3}{\376\377\136\002\127\072\162\266\140\001\143\001\176\355\140\047\116\016\210\114\116\072\221\321\207\215\211\306\211\322}{subsection.1.2}% 6
\BOOKMARK [3][-]{subsubsection.1.2.4}{\376\377\145\207\163\056\213\304\217\360\116\016\147\054\145\207\133\232\117\115}{subsection.1.2}% 7
\BOOKMARK [2][-]{subsection.1.3}{\376\377\170\024\172\166\145\271\154\325}{section.1}% 8
\BOOKMARK [1][-]{section.2}{\376\377\145\160\143\156\203\267\123\326\116\016\122\006\147\220}{}% 9
\BOOKMARK [2][-]{subsection.2.1}{\376\377\145\160\143\156\147\145\156\220\116\016\150\067\147\054\213\364\146\016}{section.2}% 10
\BOOKMARK [2][-]{subsection.2.2}{\376\377\145\160\143\156\145\164\164\006\116\016\230\204\131\004\164\006\217\307\172\013}{section.2}% 11
\BOOKMARK [2][-]{subsection.2.3}{\376\377\123\330\221\317\122\006\174\173\116\016\150\070\137\303\143\007\150\007}{section.2}% 12
\BOOKMARK [2][-]{subsection.2.4}{\376\377\143\317\217\360\176\337\213\241\122\006\147\220}{section.2}% 13
\BOOKMARK [2][-]{subsection.2.5}{\376\377\166\370\121\163\140\047\116\016\122\035\153\145\121\163\174\373\150\300\232\214}{section.2}% 14
\BOOKMARK [2][-]{subsection.2.6}{\376\377\150\067\147\054\162\171\137\201\140\073\176\323\116\016\133\371\124\016\176\355\152\041\127\213\166\204\145\057\144\221}{section.2}% 15
\BOOKMARK [1][-]{section.3}{\376\377\133\236\232\214\213\276\213\241\116\016\152\041\127\213\136\372\172\313}{}% 16
\BOOKMARK [2][-]{subsection.3.1}{\376\377\170\024\172\166\213\276\213\241\151\202\142\354}{section.3}% 17
\BOOKMARK [2][-]{subsection.3.2}{\376\377\143\007\150\007\147\204\220\040\116\016\123\330\221\317\133\232\116\111}{section.3}% 18
\BOOKMARK [2][-]{subsection.3.3}{\376\377\127\372\121\306\152\041\127\213\116\016\142\151\134\125\152\041\127\213}{section.3}% 19
\BOOKMARK [2][-]{subsection.3.4}{\376\377\170\024\172\166\120\107\213\276}{section.3}% 20
\BOOKMARK [2][-]{subsection.3.5}{\376\377\117\060\213\241\145\271\154\325\116\016\213\312\145\255\150\106\147\266}{section.3}% 21
\BOOKMARK [1][-]{section.4}{\376\377\152\041\127\213\154\102\211\343}{}% 22
\BOOKMARK [2][-]{subsection.4.1}{\376\377\154\102\211\343\155\101\172\013\213\364\146\016}{section.4}% 23
\BOOKMARK [2][-]{subsection.4.2}{\376\377\116\073\166\356\150\007\000f\000u\000t\000u\000r\000e\000\137\000a\000b\000s\000r\000e\000t\000\137\0005\166\204\000H\000A\000R\127\372\121\306\176\323\147\234}{section.4}% 24
\BOOKMARK [2][-]{subsection.4.3}{\376\377\000H\000A\000R\000X\142\151\134\125\176\323\147\234\116\016\000H\000A\000R\000X\000-\000l\000i\000t\000e\153\324\217\203}{section.4}% 25
\BOOKMARK [2][-]{subsection.4.4}{\376\377\130\236\221\317\150\300\232\214\116\016\121\161\176\277\140\047\213\312\145\255}{section.4}% 26
\BOOKMARK [1][-]{section.5}{\376\377\170\024\172\166\176\323\147\234\134\125\171\072}{}% 27
\BOOKMARK [2][-]{subsection.5.1}{\376\377\116\073\166\356\150\007\152\041\127\213\153\324\217\203}{section.5}% 28
\BOOKMARK [2][-]{subsection.5.2}{\376\377\130\236\221\317\150\300\232\214\176\323\147\234}{section.5}% 29
\BOOKMARK [2][-]{subsection.5.3}{\376\377\227\136\221\315\123\340\172\227\123\343\172\063\120\145\140\047\150\300\232\214}{section.5}% 30
\BOOKMARK [2][-]{subsection.5.4}{\376\377\133\217\211\302\123\330\221\317\220\020\116\052\217\333\121\145\176\323\147\234}{section.5}% 31
\BOOKMARK [2][-]{subsection.5.5}{\376\377\122\006\150\067\147\054\172\063\133\232\140\047}{section.5}% 32
\BOOKMARK [1][-]{section.6}{\376\377\176\323\213\272}{}% 33
